Build started 12/24/2019 4:40:49 PM.
     1>Project "E:\c++\project\roundupdown\roundupdown\roundupdown.vcxproj" on node 2 (build target(s)).
     1>InitializeBuildStatus:
         Creating "Debug\roundupdown.unsuccessfulbuild" because "AlwaysCreate" was specified.
       ClCompile:
         C:\Program Files (x86)\Microsoft Visual Studio 10.0\VC\bin\CL.exe /c /ZI /nologo /W3 /WX- /Od /Oy- /D WIN32 /D _DEBUG /D _CONSOLE /D _UNICODE /D UNICODE /Gm /EHsc /RTC1 /MDd /GS /fp:precise /Zc:wchar_t /Zc:forScope /Fo"Debug\\" /Fd"Debug\vc100.pdb" /Gd /TP /analyze- /errorReport:prompt up.cpp
         up.cpp
       ManifestResourceCompile:
         All outputs are up-to-date.
       Link:
         C:\Program Files (x86)\Microsoft Visual Studio 10.0\VC\bin\link.exe /ERRORREPORT:PROMPT /OUT:"E:\c++\project\roundupdown\Debug\roundupdown.exe" /INCREMENTAL /NOLOGO kernel32.lib user32.lib gdi32.lib winspool.lib comdlg32.lib advapi32.lib shell32.lib ole32.lib oleaut32.lib uuid.lib odbc32.lib odbccp32.lib /MANIFEST /ManifestFile:"Debug\roundupdown.exe.intermediate.manifest" /MANIFESTUAC:"level='asInvoker' uiAccess='false'" /DEBUG /PDB:"E:\c++\project\roundupdown\Debug\roundupdown.pdb" /SUBSYSTEM:CONSOLE /TLBID:1 /DYNAMICBASE /NXCOMPAT /IMPLIB:"E:\c++\project\roundupdown\Debug\roundupdown.lib" /MACHINE:X86 Debug\roundupdown.exe.embed.manifest.res
         Debug\up.obj
       Manifest:
         C:\Program Files (x86)\Microsoft SDKs\Windows\v7.0A\bin\mt.exe /nologo /verbose /out:"Debug\roundupdown.exe.embed.manifest" /manifest Debug\roundupdown.exe.intermediate.manifest
         All outputs are up-to-date.
       LinkEmbedManifest:
         All outputs are up-to-date.
         roundupdown.vcxproj -> E:\c++\project\roundupdown\Debug\roundupdown.exe
       FinalizeBuildStatus:
         Deleting file "Debug\roundupdown.unsuccessfulbuild".
         Touching "Debug\roundupdown.lastbuildstate".
     1>Done Building Project "E:\c++\project\roundupdown\roundupdown\roundupdown.vcxproj" (build target(s)).

Build succeeded.

Time Elapsed 00:00:02.27
