Build started 1/20/2019 11:39:20 PM.
     1>Project "E:\c++\project\link2\link2\link2.vcxproj" on node 2 (build target(s)).
     1>InitializeBuildStatus:
         Creating "Debug\link2.unsuccessfulbuild" because "AlwaysCreate" was specified.
       ClCompile:
         C:\Program Files (x86)\Microsoft Visual Studio 10.0\VC\bin\CL.exe /c /ZI /nologo /W3 /WX- /Od /Oy- /D WIN32 /D _DEBUG /D _CONSOLE /D _UNICODE /D UNICODE /Gm /EHsc /RTC1 /MDd /GS /fp:precise /Zc:wchar_t /Zc:forScope /Fo"Debug\\" /Fd"Debug\vc100.pdb" /Gd /TP /analyze- /errorReport:prompt Link.cpp
         Link.cpp
     1>e:\c++\project\link2\link2\link.cpp(179): warning C4101: 'c' : unreferenced local variable
     1>e:\c++\project\link2\link2\linklist.h(29): warning C4172: returning address of local variable or temporary
                 e:\c++\project\link2\link2\linklist.h(28) : while compiling class template member function 'const int &ListItr<Object>::retrieve(void) const'
                 with
                 [
                     Object=int
                 ]
                 e:\c++\project\link2\link2\link.cpp(88) : see reference to class template instantiation 'ListItr<Object>' being compiled
                 with
                 [
                     Object=int
                 ]
       ManifestResourceCompile:
         All outputs are up-to-date.
       Link:
         C:\Program Files (x86)\Microsoft Visual Studio 10.0\VC\bin\link.exe /ERRORREPORT:PROMPT /OUT:"E:\c++\project\link2\Debug\link2.exe" /INCREMENTAL /NOLOGO kernel32.lib user32.lib gdi32.lib winspool.lib comdlg32.lib advapi32.lib shell32.lib ole32.lib oleaut32.lib uuid.lib odbc32.lib odbccp32.lib /MANIFEST /ManifestFile:"Debug\link2.exe.intermediate.manifest" /MANIFESTUAC:"level='asInvoker' uiAccess='false'" /DEBUG /PDB:"E:\c++\project\link2\Debug\link2.pdb" /SUBSYSTEM:CONSOLE /TLBID:1 /DYNAMICBASE /NXCOMPAT /IMPLIB:"E:\c++\project\link2\Debug\link2.lib" /MACHINE:X86 Debug\link2.exe.embed.manifest.res
         Debug\Link.obj
       Manifest:
         C:\Program Files (x86)\Microsoft SDKs\Windows\v7.0A\bin\mt.exe /nologo /verbose /out:"Debug\link2.exe.embed.manifest" /manifest Debug\link2.exe.intermediate.manifest
         All outputs are up-to-date.
       LinkEmbedManifest:
         All outputs are up-to-date.
         link2.vcxproj -> E:\c++\project\link2\Debug\link2.exe
       FinalizeBuildStatus:
         Deleting file "Debug\link2.unsuccessfulbuild".
         Touching "Debug\link2.lastbuildstate".
     1>Done Building Project "E:\c++\project\link2\link2\link2.vcxproj" (build target(s)).

Build succeeded.

Time Elapsed 00:00:01.58
