Build started 1/22/2020 8:07:12 PM.
     1>Project "E:\c++\project\Assignment2_2_6106021620117\Assignment2_2_6106021620117\Assignment2_2_6106021620117.vcxproj" on node 2 (build target(s)).
     1>InitializeBuildStatus:
         Creating "Debug\Assignment2_2_6106021620117.unsuccessfulbuild" because "AlwaysCreate" was specified.
       ClCompile:
         C:\Program Files (x86)\Microsoft Visual Studio 10.0\VC\bin\CL.exe /c /ZI /nologo /W3 /WX- /Od /Oy- /D WIN32 /D _DEBUG /D _CONSOLE /D _UNICODE /D UNICODE /Gm /EHsc /RTC1 /MDd /GS /fp:precise /Zc:wchar_t /Zc:forScope /Fo"Debug\\" /Fd"Debug\vc100.pdb" /Gd /TP /analyze- /errorReport:prompt Assignment2_2_6106021620117.cpp
         Assignment2_2_6106021620117.cpp
     1>e:\c++\project\assignment2_2_6106021620117\assignment2_2_6106021620117\assignment2_2_6106021620117.cpp(4): warning C4067: unexpected tokens following preprocessor directive - expected a newline
       ManifestResourceCompile:
         All outputs are up-to-date.
       Link:
         C:\Program Files (x86)\Microsoft Visual Studio 10.0\VC\bin\link.exe /ERRORREPORT:PROMPT /OUT:"E:\c++\project\Assignment2_2_6106021620117\Debug\Assignment2_2_6106021620117.exe" /INCREMENTAL /NOLOGO kernel32.lib user32.lib gdi32.lib winspool.lib comdlg32.lib advapi32.lib shell32.lib ole32.lib oleaut32.lib uuid.lib odbc32.lib odbccp32.lib /MANIFEST /ManifestFile:"Debug\Assignment2_2_6106021620117.exe.intermediate.manifest" /MANIFESTUAC:"level='asInvoker' uiAccess='false'" /DEBUG /PDB:"E:\c++\project\Assignment2_2_6106021620117\Debug\Assignment2_2_6106021620117.pdb" /SUBSYSTEM:CONSOLE /TLBID:1 /DYNAMICBASE /NXCOMPAT /IMPLIB:"E:\c++\project\Assignment2_2_6106021620117\Debug\Assignment2_2_6106021620117.lib" /MACHINE:X86 Debug\Assignment2_2_6106021620117.exe.embed.manifest.res
         Debug\Assignment2_2_6106021620117.obj
       Manifest:
         C:\Program Files (x86)\Microsoft SDKs\Windows\v7.0A\bin\mt.exe /nologo /verbose /out:"Debug\Assignment2_2_6106021620117.exe.embed.manifest" /manifest Debug\Assignment2_2_6106021620117.exe.intermediate.manifest
         All outputs are up-to-date.
       LinkEmbedManifest:
         All outputs are up-to-date.
         Assignment2_2_6106021620117.vcxproj -> E:\c++\project\Assignment2_2_6106021620117\Debug\Assignment2_2_6106021620117.exe
       FinalizeBuildStatus:
         Deleting file "Debug\Assignment2_2_6106021620117.unsuccessfulbuild".
         Touching "Debug\Assignment2_2_6106021620117.lastbuildstate".
     1>Done Building Project "E:\c++\project\Assignment2_2_6106021620117\Assignment2_2_6106021620117\Assignment2_2_6106021620117.vcxproj" (build target(s)).

Build succeeded.

Time Elapsed 00:00:01.75
