Build started 1/22/2020 11:58:31 PM.
     1>Project "E:\c++\project\glut_keyborad\glut_keyborad\glut_keyborad.vcxproj" on node 2 (build target(s)).
     1>InitializeBuildStatus:
         Touching "Debug\glut_keyborad.unsuccessfulbuild".
       ClCompile:
         C:\Program Files (x86)\Microsoft Visual Studio 10.0\VC\bin\CL.exe /c /ZI /nologo /W3 /WX- /Od /Oy- /D WIN32 /D _DEBUG /D _CONSOLE /D _UNICODE /D UNICODE /Gm /EHsc /RTC1 /MDd /GS /fp:precise /Zc:wchar_t /Zc:forScope /Fo"Debug\\" /Fd"Debug\vc100.pdb" /Gd /TP /analyze- /errorReport:prompt key.cpp
         key.cpp
     1>e:\c++\project\glut_keyborad\glut_keyborad\key.cpp(65): warning C4700: uninitialized local variable 'x' used
     1>e:\c++\project\glut_keyborad\glut_keyborad\key.cpp(66): warning C4700: uninitialized local variable 'y' used
       ManifestResourceCompile:
         C:\Program Files (x86)\Microsoft SDKs\Windows\v7.0A\bin\rc.exe /nologo /fo"Debug\glut_keyborad.exe.embed.manifest.res" Debug\glut_keyborad_manifest.rc 
       Link:
         C:\Program Files (x86)\Microsoft Visual Studio 10.0\VC\bin\link.exe /ERRORREPORT:PROMPT /OUT:"E:\c++\project\glut_keyborad\Debug\glut_keyborad.exe" /INCREMENTAL /NOLOGO kernel32.lib user32.lib gdi32.lib winspool.lib comdlg32.lib advapi32.lib shell32.lib ole32.lib oleaut32.lib uuid.lib odbc32.lib odbccp32.lib /MANIFEST /ManifestFile:"Debug\glut_keyborad.exe.intermediate.manifest" /MANIFESTUAC:"level='asInvoker' uiAccess='false'" /DEBUG /PDB:"E:\c++\project\glut_keyborad\Debug\glut_keyborad.pdb" /SUBSYSTEM:CONSOLE /TLBID:1 /DYNAMICBASE /NXCOMPAT /IMPLIB:"E:\c++\project\glut_keyborad\Debug\glut_keyborad.lib" /MACHINE:X86 Debug\glut_keyborad.exe.embed.manifest.res
         Debug\key.obj
       Manifest:
         C:\Program Files (x86)\Microsoft SDKs\Windows\v7.0A\bin\mt.exe /nologo /verbose /out:"Debug\glut_keyborad.exe.embed.manifest" /manifest Debug\glut_keyborad.exe.intermediate.manifest
         C:\Program Files (x86)\Microsoft SDKs\Windows\v7.0A\bin\rc.exe /nologo /fo"Debug\glut_keyborad.exe.embed.manifest.res" Debug\glut_keyborad_manifest.rc 
       LinkEmbedManifest:
         C:\Program Files (x86)\Microsoft Visual Studio 10.0\VC\bin\link.exe /ERRORREPORT:PROMPT /OUT:"E:\c++\project\glut_keyborad\Debug\glut_keyborad.exe" /INCREMENTAL /NOLOGO kernel32.lib user32.lib gdi32.lib winspool.lib comdlg32.lib advapi32.lib shell32.lib ole32.lib oleaut32.lib uuid.lib odbc32.lib odbccp32.lib /MANIFEST /ManifestFile:"Debug\glut_keyborad.exe.intermediate.manifest" /MANIFESTUAC:"level='asInvoker' uiAccess='false'" /DEBUG /PDB:"E:\c++\project\glut_keyborad\Debug\glut_keyborad.pdb" /SUBSYSTEM:CONSOLE /TLBID:1 /DYNAMICBASE /NXCOMPAT /IMPLIB:"E:\c++\project\glut_keyborad\Debug\glut_keyborad.lib" /MACHINE:X86 Debug\glut_keyborad.exe.embed.manifest.res
         Debug\key.obj
         glut_keyborad.vcxproj -> E:\c++\project\glut_keyborad\Debug\glut_keyborad.exe
       FinalizeBuildStatus:
         Deleting file "Debug\glut_keyborad.unsuccessfulbuild".
         Touching "Debug\glut_keyborad.lastbuildstate".
     1>Done Building Project "E:\c++\project\glut_keyborad\glut_keyborad\glut_keyborad.vcxproj" (build target(s)).

Build succeeded.

Time Elapsed 00:00:08.67
