Build started 3/27/2019 4:42:17 PM.
     1>Project "E:\c++\project\Hash3\Hash3\Hash3.vcxproj" on node 2 (build target(s)).
     1>InitializeBuildStatus:
         Creating "Debug\Hash3.unsuccessfulbuild" because "AlwaysCreate" was specified.
       ClCompile:
         C:\Program Files (x86)\Microsoft Visual Studio 10.0\VC\bin\CL.exe /c /ZI /nologo /W3 /WX- /Od /Oy- /D WIN32 /D _DEBUG /D _CONSOLE /D _UNICODE /D UNICODE /Gm /EHsc /RTC1 /MDd /GS /fp:precise /Zc:wchar_t /Zc:forScope /Fo"Debug\\" /Fd"Debug\vc100.pdb" /Gd /TP /analyze- /errorReport:prompt Hash.cpp
         Hash.cpp
     1>e:\c++\project\hash3\hash3\hash.cpp(197): warning C4018: '<' : signed/unsigned mismatch
                 e:\c++\project\hash3\hash3\hash.cpp(190) : while compiling class template member function 'void HashTable<HashedObj>::printTable(void)'
                 with
                 [
                     HashedObj=int
                 ]
                 e:\c++\project\hash3\hash3\hash.cpp(208) : see reference to class template instantiation 'HashTable<HashedObj>' being compiled
                 with
                 [
                     HashedObj=int
                 ]
     1>e:\c++\project\hash3\hash3\hash.cpp(72): warning C4018: '<' : signed/unsigned mismatch
                 e:\c++\project\hash3\hash3\hash.cpp(70) : while compiling class template member function 'void HashTable<HashedObj>::makeEmpty(void)'
                 with
                 [
                     HashedObj=int
                 ]
                 e:\c++\project\hash3\hash3\hash.cpp(56) : while compiling class template member function 'HashTable<HashedObj>::HashTable(const HashedObj &,int)'
                 with
                 [
                     HashedObj=int
                 ]
     1>e:\c++\project\hash3\hash3\hash.cpp(140): warning C4018: '>=' : signed/unsigned mismatch
                 e:\c++\project\hash3\hash3\hash.cpp(132) : while compiling class template member function 'int HashTable<HashedObj>::findPos(HashedObj &)'
                 with
                 [
                     HashedObj=int
                 ]
     1>e:\c++\project\hash3\hash3\hash.cpp(166): warning C4018: '<' : signed/unsigned mismatch
                 e:\c++\project\hash3\hash3\hash.cpp(160) : while compiling class template member function 'void HashTable<HashedObj>::rehash(void)'
                 with
                 [
                     HashedObj=int
                 ]
       ManifestResourceCompile:
         All outputs are up-to-date.
       Link:
         C:\Program Files (x86)\Microsoft Visual Studio 10.0\VC\bin\link.exe /ERRORREPORT:PROMPT /OUT:"E:\c++\project\Hash3\Debug\Hash3.exe" /INCREMENTAL /NOLOGO kernel32.lib user32.lib gdi32.lib winspool.lib comdlg32.lib advapi32.lib shell32.lib ole32.lib oleaut32.lib uuid.lib odbc32.lib odbccp32.lib /MANIFEST /ManifestFile:"Debug\Hash3.exe.intermediate.manifest" /MANIFESTUAC:"level='asInvoker' uiAccess='false'" /DEBUG /PDB:"E:\c++\project\Hash3\Debug\Hash3.pdb" /SUBSYSTEM:CONSOLE /TLBID:1 /DYNAMICBASE /NXCOMPAT /IMPLIB:"E:\c++\project\Hash3\Debug\Hash3.lib" /MACHINE:X86 Debug\Hash3.exe.embed.manifest.res
         Debug\Hash.obj
       Manifest:
         C:\Program Files (x86)\Microsoft SDKs\Windows\v7.0A\bin\mt.exe /nologo /verbose /out:"Debug\Hash3.exe.embed.manifest" /manifest Debug\Hash3.exe.intermediate.manifest
         All outputs are up-to-date.
       LinkEmbedManifest:
         All outputs are up-to-date.
         Hash3.vcxproj -> E:\c++\project\Hash3\Debug\Hash3.exe
       FinalizeBuildStatus:
         Deleting file "Debug\Hash3.unsuccessfulbuild".
         Touching "Debug\Hash3.lastbuildstate".
     1>Done Building Project "E:\c++\project\Hash3\Hash3\Hash3.vcxproj" (build target(s)).

Build succeeded.

Time Elapsed 00:00:05.06
