Build started 1/13/2019 5:18:27 PM.
     1>Project "E:\c++\project\classh\classh\classh.vcxproj" on node 2 (build target(s)).
     1>PrepareForBuild:
         Creating directory "E:\c++\project\classh\Debug\".
       InitializeBuildStatus:
         Creating "Debug\classh.unsuccessfulbuild" because "AlwaysCreate" was specified.
       ClCompile:
         C:\Program Files (x86)\Microsoft Visual Studio 10.0\VC\bin\CL.exe /c /ZI /nologo /W3 /WX- /Od /Oy- /D WIN32 /D _DEBUG /D _CONSOLE /D _UNICODE /D UNICODE /Gm /EHsc /RTC1 /MDd /GS /fp:precise /Zc:wchar_t /Zc:forScope /Fo"Debug\\" /Fd"Debug\vc100.pdb" /Gd /TP /analyze- /errorReport:prompt add.cpp main.cpp
         main.cpp
         add.cpp
         Generating Code...
       ManifestResourceCompile:
         C:\Program Files (x86)\Microsoft SDKs\Windows\v7.0A\bin\rc.exe /nologo /fo"Debug\classh.exe.embed.manifest.res" Debug\classh_manifest.rc 
       Link:
         C:\Program Files (x86)\Microsoft Visual Studio 10.0\VC\bin\link.exe /ERRORREPORT:PROMPT /OUT:"E:\c++\project\classh\Debug\classh.exe" /INCREMENTAL /NOLOGO kernel32.lib user32.lib gdi32.lib winspool.lib comdlg32.lib advapi32.lib shell32.lib ole32.lib oleaut32.lib uuid.lib odbc32.lib odbccp32.lib /MANIFEST /ManifestFile:"Debug\classh.exe.intermediate.manifest" /MANIFESTUAC:"level='asInvoker' uiAccess='false'" /DEBUG /PDB:"E:\c++\project\classh\Debug\classh.pdb" /SUBSYSTEM:CONSOLE /TLBID:1 /DYNAMICBASE /NXCOMPAT /IMPLIB:"E:\c++\project\classh\Debug\classh.lib" /MACHINE:X86 Debug\classh.exe.embed.manifest.res
         Debug\add.obj
         Debug\main.obj
       Manifest:
         C:\Program Files (x86)\Microsoft SDKs\Windows\v7.0A\bin\mt.exe /nologo /verbose /out:"Debug\classh.exe.embed.manifest" /manifest Debug\classh.exe.intermediate.manifest
         C:\Program Files (x86)\Microsoft SDKs\Windows\v7.0A\bin\rc.exe /nologo /fo"Debug\classh.exe.embed.manifest.res" Debug\classh_manifest.rc 
       LinkEmbedManifest:
         C:\Program Files (x86)\Microsoft Visual Studio 10.0\VC\bin\link.exe /ERRORREPORT:PROMPT /OUT:"E:\c++\project\classh\Debug\classh.exe" /INCREMENTAL /NOLOGO kernel32.lib user32.lib gdi32.lib winspool.lib comdlg32.lib advapi32.lib shell32.lib ole32.lib oleaut32.lib uuid.lib odbc32.lib odbccp32.lib /MANIFEST /ManifestFile:"Debug\classh.exe.intermediate.manifest" /MANIFESTUAC:"level='asInvoker' uiAccess='false'" /DEBUG /PDB:"E:\c++\project\classh\Debug\classh.pdb" /SUBSYSTEM:CONSOLE /TLBID:1 /DYNAMICBASE /NXCOMPAT /IMPLIB:"E:\c++\project\classh\Debug\classh.lib" /MACHINE:X86 Debug\classh.exe.embed.manifest.res
         Debug\add.obj
         Debug\main.obj
         classh.vcxproj -> E:\c++\project\classh\Debug\classh.exe
       FinalizeBuildStatus:
         Deleting file "Debug\classh.unsuccessfulbuild".
         Touching "Debug\classh.lastbuildstate".
     1>Done Building Project "E:\c++\project\classh\classh\classh.vcxproj" (build target(s)).

Build succeeded.

Time Elapsed 00:00:03.11
