Build started 1/17/2019 10:11:32 PM.
     1>Project "E:\c++\project\link\link\link.vcxproj" on node 2 (build target(s)).
     1>InitializeBuildStatus:
         Touching "Debug\link.unsuccessfulbuild".
       ClCompile:
         C:\Program Files (x86)\Microsoft Visual Studio 10.0\VC\bin\CL.exe /c /ZI /nologo /W3 /WX- /Od /Oy- /D WIN32 /D _DEBUG /D _CONSOLE /D _UNICODE /D UNICODE /Gm /EHsc /RTC1 /MDd /GS /fp:precise /Zc:wchar_t /Zc:forScope /Fo"Debug\\" /Fd"Debug\vc100.pdb" /Gd /TP /analyze- /errorReport:prompt Linklist.cpp main.cpp
         main.cpp
         Generating Code...
         Compiling...
         Linklist.cpp
         Generating Code...
       ManifestResourceCompile:
         All outputs are up-to-date.
       Link:
         C:\Program Files (x86)\Microsoft Visual Studio 10.0\VC\bin\link.exe /ERRORREPORT:PROMPT /OUT:"E:\c++\project\link\Debug\link.exe" /INCREMENTAL /NOLOGO kernel32.lib user32.lib gdi32.lib winspool.lib comdlg32.lib advapi32.lib shell32.lib ole32.lib oleaut32.lib uuid.lib odbc32.lib odbccp32.lib /MANIFEST /ManifestFile:"Debug\link.exe.intermediate.manifest" /MANIFESTUAC:"level='asInvoker' uiAccess='false'" /DEBUG /PDB:"E:\c++\project\link\Debug\link.pdb" /SUBSYSTEM:CONSOLE /TLBID:1 /DYNAMICBASE /NXCOMPAT /IMPLIB:"E:\c++\project\link\Debug\link.lib" /MACHINE:X86 Debug\link.exe.embed.manifest.res
         Debug\Linklist.obj
         Debug\main.obj
     1>main.obj : error LNK2019: unresolved external symbol "public: __thiscall List<int>::~List<int>(void)" (??1?$List@H@@QAE@XZ) referenced in function _main
     1>main.obj : error LNK2019: unresolved external symbol "public: void __thiscall List<int>::insert(int const &,class ListItr<int> const &)" (?insert@?$List@H@@QAEXABHABV?$ListItr@H@@@Z) referenced in function _main
     1>main.obj : error LNK2019: unresolved external symbol "public: class ListItr<int> __thiscall List<int>::zeroth(void)const " (?zeroth@?$List@H@@QBE?AV?$ListItr@H@@XZ) referenced in function _main
     1>main.obj : error LNK2019: unresolved external symbol "public: __thiscall List<int>::List<int>(void)" (??0?$List@H@@QAE@XZ) referenced in function _main
     1>E:\c++\project\link\Debug\link.exe : fatal error LNK1120: 4 unresolved externals
     1>Done Building Project "E:\c++\project\link\link\link.vcxproj" (build target(s)) -- FAILED.

Build FAILED.

Time Elapsed 00:00:01.57
