Build started 3/31/2019 11:54:37 PM.
     1>Project "E:\c++\project\Sorting\Sorting\Sorting.vcxproj" on node 2 (build target(s)).
     1>InitializeBuildStatus:
         Creating "Debug\Sorting.unsuccessfulbuild" because "AlwaysCreate" was specified.
       ClCompile:
         C:\Program Files (x86)\Microsoft Visual Studio 10.0\VC\bin\CL.exe /c /ZI /nologo /W3 /WX- /Od /Oy- /D WIN32 /D _DEBUG /D _CONSOLE /D _UNICODE /D UNICODE /Gm /EHsc /RTC1 /MDd /GS /fp:precise /Zc:wchar_t /Zc:forScope /Fo"Debug\\" /Fd"Debug\vc100.pdb" /Gd /TP /analyze- /errorReport:prompt sort.cpp
         sort.cpp
     1>e:\c++\project\sorting\sorting\sort.cpp(19): warning C4018: '<' : signed/unsigned mismatch
                 e:\c++\project\sorting\sorting\sort.cpp(141) : see reference to function template instantiation 'void insertionSort<int>(std::vector<_Ty> &)' being compiled
                 with
                 [
                     _Ty=int
                 ]
     1>e:\c++\project\sorting\sorting\sort.cpp(32): warning C4018: '<' : signed/unsigned mismatch
     1>e:\c++\project\sorting\sorting\sort.cpp(81): warning C4018: '<' : signed/unsigned mismatch
                 e:\c++\project\sorting\sorting\sort.cpp(159) : see reference to function template instantiation 'void quicksort<int>(std::vector<_Ty> &,int,int)' being compiled
                 with
                 [
                     _Ty=int
                 ]
     1>e:\c++\project\sorting\sorting\sort.cpp(90): warning C4018: '<' : signed/unsigned mismatch
     1>e:\c++\project\sorting\sorting\sort.cpp(41): warning C4018: '<' : signed/unsigned mismatch
                 e:\c++\project\sorting\sorting\sort.cpp(88) : see reference to function template instantiation 'void insertionSort<int>(std::vector<_Ty> &,int,int)' being compiled
                 with
                 [
                     _Ty=int
                 ]
                 e:\c++\project\sorting\sorting\sort.cpp(159) : see reference to function template instantiation 'void quicksort<int>(std::vector<_Ty> &,int,int)' being compiled
                 with
                 [
                     _Ty=int
                 ]
       ManifestResourceCompile:
         All outputs are up-to-date.
       Link:
         C:\Program Files (x86)\Microsoft Visual Studio 10.0\VC\bin\link.exe /ERRORREPORT:PROMPT /OUT:"E:\c++\project\Sorting\Debug\Sorting.exe" /INCREMENTAL /NOLOGO kernel32.lib user32.lib gdi32.lib winspool.lib comdlg32.lib advapi32.lib shell32.lib ole32.lib oleaut32.lib uuid.lib odbc32.lib odbccp32.lib /MANIFEST /ManifestFile:"Debug\Sorting.exe.intermediate.manifest" /MANIFESTUAC:"level='asInvoker' uiAccess='false'" /DEBUG /PDB:"E:\c++\project\Sorting\Debug\Sorting.pdb" /SUBSYSTEM:CONSOLE /TLBID:1 /DYNAMICBASE /NXCOMPAT /IMPLIB:"E:\c++\project\Sorting\Debug\Sorting.lib" /MACHINE:X86 Debug\Sorting.exe.embed.manifest.res
         Debug\sort.obj
         Debug\time.obj
       Manifest:
         C:\Program Files (x86)\Microsoft SDKs\Windows\v7.0A\bin\mt.exe /nologo /verbose /out:"Debug\Sorting.exe.embed.manifest" /manifest Debug\Sorting.exe.intermediate.manifest
         All outputs are up-to-date.
       LinkEmbedManifest:
         All outputs are up-to-date.
         Sorting.vcxproj -> E:\c++\project\Sorting\Debug\Sorting.exe
       FinalizeBuildStatus:
         Deleting file "Debug\Sorting.unsuccessfulbuild".
         Touching "Debug\Sorting.lastbuildstate".
     1>Done Building Project "E:\c++\project\Sorting\Sorting\Sorting.vcxproj" (build target(s)).

Build succeeded.

Time Elapsed 00:00:01.33
