Build started 1/13/2019 9:42:31 PM.
     1>Project "E:\c++\project\tem01\tem01\tem01.vcxproj" on node 2 (build target(s)).
     1>InitializeBuildStatus:
         Creating "Debug\tem01.unsuccessfulbuild" because "AlwaysCreate" was specified.
       ClCompile:
         C:\Program Files (x86)\Microsoft Visual Studio 10.0\VC\bin\CL.exe /c /ZI /nologo /W3 /WX- /Od /Oy- /D WIN32 /D _DEBUG /D _CONSOLE /D _UNICODE /D UNICODE /Gm /EHsc /RTC1 /MDd /GS /fp:precise /Zc:wchar_t /Zc:forScope /Fo"Debug\\" /Fd"Debug\vc100.pdb" /Gd /TP /analyze- /errorReport:prompt main2.cpp main3.cpp
         main3.cpp
     1>e:\c++\project\tem01\tem01\main3.cpp(38): warning C4305: 'argument' : truncation from 'double' to 'float'
     1>e:\c++\project\tem01\tem01\main3.cpp(38): warning C4305: 'argument' : truncation from 'double' to 'float'
         main2.cpp
         Generating Code...
       ManifestResourceCompile:
         All outputs are up-to-date.
       Link:
         C:\Program Files (x86)\Microsoft Visual Studio 10.0\VC\bin\link.exe /ERRORREPORT:PROMPT /OUT:"E:\c++\project\tem01\Debug\tem01.exe" /INCREMENTAL /NOLOGO kernel32.lib user32.lib gdi32.lib winspool.lib comdlg32.lib advapi32.lib shell32.lib ole32.lib oleaut32.lib uuid.lib odbc32.lib odbccp32.lib /MANIFEST /ManifestFile:"Debug\tem01.exe.intermediate.manifest" /MANIFESTUAC:"level='asInvoker' uiAccess='false'" /DEBUG /PDB:"E:\c++\project\tem01\Debug\tem01.pdb" /SUBSYSTEM:CONSOLE /TLBID:1 /DYNAMICBASE /NXCOMPAT /IMPLIB:"E:\c++\project\tem01\Debug\tem01.lib" /MACHINE:X86 Debug\tem01.exe.embed.manifest.res
         Debug\main.obj
         Debug\main1.obj
         Debug\main2.obj
         Debug\main3.obj
       Manifest:
         C:\Program Files (x86)\Microsoft SDKs\Windows\v7.0A\bin\mt.exe /nologo /verbose /out:"Debug\tem01.exe.embed.manifest" /manifest Debug\tem01.exe.intermediate.manifest
         All outputs are up-to-date.
       LinkEmbedManifest:
         All outputs are up-to-date.
         tem01.vcxproj -> E:\c++\project\tem01\Debug\tem01.exe
       FinalizeBuildStatus:
         Deleting file "Debug\tem01.unsuccessfulbuild".
         Touching "Debug\tem01.lastbuildstate".
     1>Done Building Project "E:\c++\project\tem01\tem01\tem01.vcxproj" (build target(s)).

Build succeeded.

Time Elapsed 00:00:01.94
