Build started 1/13/2019 5:01:00 PM.
     1>Project "E:\c++\project\class\class\class.vcxproj" on node 2 (build target(s)).
     1>InitializeBuildStatus:
         Creating "Debug\class.unsuccessfulbuild" because "AlwaysCreate" was specified.
       ClCompile:
         C:\Program Files (x86)\Microsoft Visual Studio 10.0\VC\bin\CL.exe /c /ZI /nologo /W3 /WX- /Od /Oy- /D WIN32 /D _DEBUG /D _CONSOLE /D _UNICODE /D UNICODE /Gm /EHsc /RTC1 /MDd /GS /fp:precise /Zc:wchar_t /Zc:forScope /Fo"Debug\\" /Fd"Debug\vc100.pdb" /Gd /TP /analyze- /errorReport:prompt class04.cpp
         class04.cpp
       ManifestResourceCompile:
         All outputs are up-to-date.
       Link:
         C:\Program Files (x86)\Microsoft Visual Studio 10.0\VC\bin\link.exe /ERRORREPORT:PROMPT /OUT:"E:\c++\project\class\Debug\class.exe" /INCREMENTAL /NOLOGO kernel32.lib user32.lib gdi32.lib winspool.lib comdlg32.lib advapi32.lib shell32.lib ole32.lib oleaut32.lib uuid.lib odbc32.lib odbccp32.lib /MANIFEST /ManifestFile:"Debug\class.exe.intermediate.manifest" /MANIFESTUAC:"level='asInvoker' uiAccess='false'" /DEBUG /PDB:"E:\c++\project\class\Debug\class.pdb" /SUBSYSTEM:CONSOLE /TLBID:1 /DYNAMICBASE /NXCOMPAT /IMPLIB:"E:\c++\project\class\Debug\class.lib" /MACHINE:X86 Debug\class.exe.embed.manifest.res
         Debug\class01.obj
         Debug\class02.obj
         Debug\class03.obj
         Debug\class04.obj
       Manifest:
         C:\Program Files (x86)\Microsoft SDKs\Windows\v7.0A\bin\mt.exe /nologo /verbose /out:"Debug\class.exe.embed.manifest" /manifest Debug\class.exe.intermediate.manifest
         All outputs are up-to-date.
       LinkEmbedManifest:
         All outputs are up-to-date.
         class.vcxproj -> E:\c++\project\class\Debug\class.exe
       FinalizeBuildStatus:
         Deleting file "Debug\class.unsuccessfulbuild".
         Touching "Debug\class.lastbuildstate".
     1>Done Building Project "E:\c++\project\class\class\class.vcxproj" (build target(s)).

Build succeeded.

Time Elapsed 00:00:01.27
